WARNING: A terminally deprecated method in sun.misc.Unsafe has been called
WARNING: sun.misc.Unsafe::staticFieldBase has been called by com.google.inject.internal.aop.HiddenClassDefiner (file:/opt/homebrew/Cellar/maven/3.9.11/libexec/lib/guice-5.1.0-classes.jar)
WARNING: Please consider reporting this to the maintainers of class com.google.inject.internal.aop.HiddenClassDefiner
WARNING: sun.misc.Unsafe::staticFieldBase will be removed in a future release
Loaded graph: n=40, edges=49, source=0

SCC count: 5
 comp 0 size=28 nodes=[18, 17, 16, 11, 10, 9, 12, 21, 20, 19, 39, 38, 37, 36, 35, 34, 33, 32, 31, 30, 29, 28, 27, 26, 25, 24, 23, 22]
 comp 1 size=3 nodes=[15, 14, 13]
 comp 2 size=3 nodes=[5, 4, 3]
 comp 3 size=3 nodes=[6, 8, 7]
 comp 4 size=3 nodes=[2, 1, 0]
SCC metrics: time(ns)=39125, dfsVisits=40, dfsEdges=49, kahnPushes=0, kahnPops=0, relaxations=0

Condensation: compCount=5
Condensation edges (unique): 6

Topological order of components: [4, 2, 3, 1, 0]
Topo metrics: time(ns)=15792, dfsVisits=0, dfsEdges=0, kahnPushes=5, kahnPops=5, relaxations=0

Derived order of original tasks after SCC compression: [2, 1, 0, 5, 4, 3, 6, 8, 7, 15, 14, 13, 18, 17, 16, 11, 10, 9, 12, 21, 20, 19, 39, 38, 37, 36, 35, 34, 33, 32, 31, 30, 29, 28, 27, 26, 25, 24, 23, 22]

Shortest distances from source node's component (4):
 comp 0 : 6
 comp 1 : 8
 comp 2 : 3
 comp 3 : 4
 comp 4 : 0

Longest path in condensation (critical path): length=12 path=[4, 2, 1, 0]
DAG metrics: time(ns)=0, dfsVisits=0, dfsEdges=0, kahnPushes=0, kahnPops=0, relaxations=12
