=== data/small-1.json ===
WARNING: A terminally deprecated method in sun.misc.Unsafe has been called
WARNING: sun.misc.Unsafe::staticFieldBase has been called by com.google.inject.internal.aop.HiddenClassDefiner (file:/opt/homebrew/Cellar/maven/3.9.11/libexec/lib/guice-5.1.0-classes.jar)
WARNING: Please consider reporting this to the maintainers of class com.google.inject.internal.aop.HiddenClassDefiner
WARNING: sun.misc.Unsafe::staticFieldBase will be removed in a future release
Loaded graph: n=6, edges=6, source=0

SCC count: 6
 comp 0 size=1 nodes=[5]
 comp 1 size=1 nodes=[4]
 comp 2 size=1 nodes=[3]
 comp 3 size=1 nodes=[1]
 comp 4 size=1 nodes=[2]
 comp 5 size=1 nodes=[0]
SCC metrics: time(ns)=16875, dfsVisits=6, dfsEdges=6, kahnPushes=0, kahnPops=0, relaxations=0

Condensation: compCount=6
Condensation edges (unique): 6

Topological order of components: [5, 3, 4, 2, 1, 0]
Topo metrics: time(ns)=14875, dfsVisits=0, dfsEdges=0, kahnPushes=6, kahnPops=6, relaxations=0

Derived order of original tasks after SCC compression: [0, 1, 2, 3, 4, 5]

Shortest distances from source node's component (5):
 comp 0 : 8
 comp 1 : 6
 comp 2 : 3
 comp 3 : 2
 comp 4 : 4
 comp 5 : 0

Longest path in condensation (critical path): length=11 path=[5, 4, 2, 1, 0]
DAG metrics: time(ns)=0, dfsVisits=0, dfsEdges=0, kahnPushes=0, kahnPops=0, relaxations=12
